[debug] [2023-05-18T17:31:31.181Z] ----------------------------------------------------------------------
[debug] [2023-05-18T17:31:31.183Z] Command:       /Users/molly.donegan/.nvm/versions/node/v16.14.0/bin/node /Users/molly.donegan/.nvm/versions/node/v16.14.0/bin/firebase init hosting
[debug] [2023-05-18T17:31:31.184Z] CLI Version:   12.0.1
[debug] [2023-05-18T17:31:31.184Z] Platform:      darwin
[debug] [2023-05-18T17:31:31.184Z] Node Version:  v16.14.0
[debug] [2023-05-18T17:31:31.186Z] Time:          Thu May 18 2023 10:31:31 GMT-0700 (Pacific Daylight Time)
[debug] [2023-05-18T17:31:31.186Z] ----------------------------------------------------------------------
[debug] 
[debug] [2023-05-18T17:31:31.193Z] > command requires scopes: ["email","openid","https://www.googleapis.com/auth/cloudplatformprojects.readonly","https://www.googleapis.com/auth/firebase","https://www.googleapis.com/auth/cloud-platform"]
[debug] [2023-05-18T17:31:31.193Z] > authorizing via signed-in user (mollyrdonegan@gmail.com)
[info] 
     ######## #### ########  ######## ########     ###     ######  ########
     ##        ##  ##     ## ##       ##     ##  ##   ##  ##       ##
     ######    ##  ########  ######   ########  #########  ######  ######
     ##        ##  ##    ##  ##       ##     ## ##     ##       ## ##
     ##       #### ##     ## ######## ########  ##     ##  ######  ########

You're about to initialize a Firebase project in this directory:

  /Users/molly.donegan/Desktop/set-match

[info] 
=== Project Setup
[info] 
[info] First, let's associate this project directory with a Firebase project.
[info] You can create multiple project aliases by running firebase use --add, 
[info] but for now we'll just set up a default project.
[info] 
[info] i  If you want to create a project in a Google Cloud organization or folder, please use "firebase projects:create" instead, and return to this command when you've created the project. 
[debug] [2023-05-18T17:31:57.616Z] >>> [apiv2][query] POST https://cloudresourcemanager.googleapis.com/v1/projects [none]
[debug] [2023-05-18T17:31:57.617Z] >>> [apiv2][body] POST https://cloudresourcemanager.googleapis.com/v1/projects {"projectId":"SetMatch","name":"SetMatch"}
[debug] [2023-05-18T17:31:57.849Z] <<< [apiv2][status] POST https://cloudresourcemanager.googleapis.com/v1/projects 400
[debug] [2023-05-18T17:31:57.849Z] <<< [apiv2][body] POST https://cloudresourcemanager.googleapis.com/v1/projects {"error":{"code":400,"message":"field [project_id] has issue [project_id contains invalid characters]","status":"INVALID_ARGUMENT","details":[{"@type":"type.googleapis.com/google.rpc.BadRequest","fieldViolations":[{"field":"project_id","description":"project_id contains invalid characters"}]},{"@type":"type.googleapis.com/google.rpc.Help","links":[{"url":"https://cloud.google.com/resource-manager/reference/rest/v1/projects"}]}]}}
[debug] [2023-05-18T17:31:57.948Z] FirebaseError: HTTP Error: 400, field [project_id] has issue [project_id contains invalid characters]
    at responseToError (/Users/molly.donegan/.nvm/versions/node/v16.14.0/lib/node_modules/firebase-tools/lib/responseToError.js:49:12)
    at RetryOperation._fn (/Users/molly.donegan/.nvm/versions/node/v16.14.0/lib/node_modules/firebase-tools/lib/apiv2.js:288:77)
    at processTicksAndRejections (node:internal/process/task_queues:96:5)
[error] 
[error] Error: Failed to create project. See firebase-debug.log for more info.
[debug] [2023-05-18T17:32:32.682Z] ----------------------------------------------------------------------
[debug] [2023-05-18T17:32:32.684Z] Command:       /Users/molly.donegan/.nvm/versions/node/v16.14.0/bin/node /Users/molly.donegan/.nvm/versions/node/v16.14.0/bin/firebase init hosting
[debug] [2023-05-18T17:32:32.685Z] CLI Version:   12.0.1
[debug] [2023-05-18T17:32:32.685Z] Platform:      darwin
[debug] [2023-05-18T17:32:32.685Z] Node Version:  v16.14.0
[debug] [2023-05-18T17:32:32.695Z] Time:          Thu May 18 2023 10:32:32 GMT-0700 (Pacific Daylight Time)
[debug] [2023-05-18T17:32:32.695Z] ----------------------------------------------------------------------
[debug] 
[debug] [2023-05-18T17:32:32.703Z] > command requires scopes: ["email","openid","https://www.googleapis.com/auth/cloudplatformprojects.readonly","https://www.googleapis.com/auth/firebase","https://www.googleapis.com/auth/cloud-platform"]
[debug] [2023-05-18T17:32:32.703Z] > authorizing via signed-in user (mollyrdonegan@gmail.com)
[info] 
     ######## #### ########  ######## ########     ###     ######  ########
     ##        ##  ##     ## ##       ##     ##  ##   ##  ##       ##
     ######    ##  ########  ######   ########  #########  ######  ######
     ##        ##  ##    ##  ##       ##     ## ##     ##       ## ##
     ##       #### ##     ## ######## ########  ##     ##  ######  ########

You're about to initialize a Firebase project in this directory:

  /Users/molly.donegan/Desktop/set-match

[info] 
=== Project Setup
[info] 
[info] First, let's associate this project directory with a Firebase project.
[info] You can create multiple project aliases by running firebase use --add, 
[info] but for now we'll just set up a default project.
[info] 
[info] i  If you want to create a project in a Google Cloud organization or folder, please use "firebase projects:create" instead, and return to this command when you've created the project. 
[debug] [2023-05-18T17:32:42.015Z] >>> [apiv2][query] POST https://cloudresourcemanager.googleapis.com/v1/projects [none]
[debug] [2023-05-18T17:32:42.015Z] >>> [apiv2][body] POST https://cloudresourcemanager.googleapis.com/v1/projects {"projectId":"SetMatch","name":"SetMatch"}
[debug] [2023-05-18T17:32:42.234Z] <<< [apiv2][status] POST https://cloudresourcemanager.googleapis.com/v1/projects 400
[debug] [2023-05-18T17:32:42.235Z] <<< [apiv2][body] POST https://cloudresourcemanager.googleapis.com/v1/projects {"error":{"code":400,"message":"field [project_id] has issue [project_id contains invalid characters]","status":"INVALID_ARGUMENT","details":[{"@type":"type.googleapis.com/google.rpc.BadRequest","fieldViolations":[{"field":"project_id","description":"project_id contains invalid characters"}]},{"@type":"type.googleapis.com/google.rpc.Help","links":[{"url":"https://cloud.google.com/resource-manager/reference/rest/v1/projects"}]}]}}
[debug] [2023-05-18T17:32:42.347Z] FirebaseError: HTTP Error: 400, field [project_id] has issue [project_id contains invalid characters]
    at responseToError (/Users/molly.donegan/.nvm/versions/node/v16.14.0/lib/node_modules/firebase-tools/lib/responseToError.js:49:12)
    at RetryOperation._fn (/Users/molly.donegan/.nvm/versions/node/v16.14.0/lib/node_modules/firebase-tools/lib/apiv2.js:288:77)
    at processTicksAndRejections (node:internal/process/task_queues:96:5)
[error] 
[error] Error: Failed to create project. See firebase-debug.log for more info.
